<?xml version="1.0" encoding="utf-8"?>
<CoverageSession>
  <Summary numSequencePoints="1" visitedSequencePoints="0" numBranchPoints="0" visitedBranchPoints="0" sequenceCoverage="0" branchCoverage="100" maxCyclomaticComplexity="1" minCyclomaticComplexity="1" visitedClasses="0" numClasses="1" visitedMethods="0" numMethods="1" />
  <Modules>
    <Module hash="1210E30F-81F1-4C6C-B4D9-3B3258BA7B5B">
      <ModulePath>DotNetCoreSample.BusinessFacade.dll</ModulePath>
      <ModuleTime>2019-05-25T11:13:26</ModuleTime>
      <ModuleName>DotNetCoreSample.BusinessFacade</ModuleName>
      <Files>
        <File uid="1" fullPath="/Projetos/theobassan/dotnetcoresample/DotNetCoreSample/DotNetCoreSample.BusinessFacade/Implementations/UserBusinessFacade.cs" />
      </Files>
      <Classes>
        <Class>
          <Summary numSequencePoints="1" visitedSequencePoints="0" numBranchPoints="0" visitedBranchPoints="0" sequenceCoverage="0" branchCoverage="100" maxCyclomaticComplexity="1" minCyclomaticComplexity="1" visitedClasses="0" numClasses="1" visitedMethods="0" numMethods="1" />
          <FullName>DotNetCoreSample.BusinessFacade.Implementations.UserBusinessFacade</FullName>
          <Methods>
            <Method cyclomaticComplexity="1" nPathComplexity="0" sequenceCoverage="0" branchCoverage="100" isConstructor="True" isGetter="False" isSetter="False" isStatic="True">
              <Summary numSequencePoints="1" visitedSequencePoints="0" numBranchPoints="0" visitedBranchPoints="0" sequenceCoverage="0" branchCoverage="100" maxCyclomaticComplexity="1" minCyclomaticComplexity="1" visitedClasses="0" numClasses="0" visitedMethods="0" numMethods="1" />
              <MetadataToken />
              <Name>System.Void DotNetCoreSample.BusinessFacade.Implementations.UserBusinessFacade::.ctor(DotNetCoreSample.Repository.Interfaces.IUserRepository,Microsoft.Extensions.Logging.ILogger`1&lt;DotNetCoreSample.BusinessFacade.Implementations.UserBusinessFacade&gt;)</Name>
              <FileRef uid="1" />
              <SequencePoints>
                <SequencePoint vc="0" uspid="14" ordinal="0" sl="14" sc="1" el="14" ec="2" bec="0" bev="0" fileid="1" />
              </SequencePoints>
              <BranchPoints />
              <MethodPoint vc="0" uspid="0" p8:type="SequencePoint" ordinal="0" offset="0" sc="0" sl="14" ec="1" el="14" bec="0" bev="0" fileid="1" xmlns:p8="xsi" />
            </Method>
          </Methods>
        </Class>
      </Classes>
    </Module>
  </Modules>
</CoverageSession>